<?xml version="1.0" encoding="UTF-8"?>
<!-- Generated by org.testng.reporters.JUnitReportReporter -->
<testsuite hostname="PI-LT-4467L" failures="0" tests="1" name="Screener.Selenium4Project.TestCases.VerifySearchForStockName" time="11.678" errors="0" timestamp="2023-06-04T21:18:49 IST" skipped="0">
  <testcase classname="Screener.Selenium4Project.TestCases.VerifySearchForStockName" name="verifyTitle" time="11.678"/>
  <system-out/>
</testsuite> <!-- Screener.Selenium4Project.TestCases.VerifySearchForStockName -->
